
Jun 24, 2017 14:21:40.71 NEW SESSION
Jun 24, 2017 14:21:40.71 [GPU 3916] WARNING: pipe error: 109: file c:/builds/moz2_slave/m-rel-w32-00000000000000000000/build/src/ipc/chromium/src/chrome/common/ipc_channel_win.cc, line 346
Jun 24, 2017 14:21:40.84 [Child 15552] WARNING: pipe error: 109: file c:/builds/moz2_slave/m-rel-w32-00000000000000000000/build/src/ipc/chromium/src/chrome/common/ipc_channel_win.cc, line 346
Jun 24, 2017 14:21:41.73 [GPU 3916] WARNING: pipe error: 109: file c:/builds/moz2_slave/m-rel-w32-00000000000000000000/build/src/ipc/chromium/src/chrome/common/ipc_channel_win.cc, line 346

Jun 27, 2017 20:51:58.50 NEW SESSION
Jun 27, 2017 20:51:58.50 1498576918494	addons.update-checker	WARN	Update manifest for webcompat@mozilla.org did not contain an updates property
Jun 27, 2017 20:51:58.61 1498576918617	addons.update-checker	WARN	Update manifest for firefox@getpocket.com did not contain an updates property
Jun 27, 2017 20:51:58.69 1498576918694	addons.update-checker	WARN	Update manifest for aushelper@mozilla.org did not contain an updates property
Jun 27, 2017 20:51:58.81 1498576918828	addons.update-checker	WARN	Update manifest for e10srollout@mozilla.org did not contain an updates property
Jun 27, 2017 20:51:58.87 1498576918881	addons.update-checker	WARN	Update manifest for followonsearch@mozilla.com did not contain an updates property
Jun 27, 2017 20:52:05.76 1498576925782	addons.update-checker	WARN	Update manifest for {972ce4c6-7e08-4474-a285-3208198ce6fd} did not contain an updates property
Jun 27, 2017 20:54:58.09 [Child 6432] WARNING: pipe error: 109: file c:/builds/moz2_slave/m-rel-w32-00000000000000000000/build/src/ipc/chromium/src/chrome/common/ipc_channel_win.cc, line 346
Jun 27, 2017 20:54:59.47 
Jun 27, 2017 20:54:59.47 ###!!! [Child][MessageChannel::SendAndWait] Error: Channel error: cannot send/recv
Jun 27, 2017 20:54:59.48 
Jun 27, 2017 21:01:02.16 [GFX1-]: ClientLayerManager::BeginTransaction with IPC channel down. GPU process may have died.
Jun 27, 2017 21:01:03.41 [GFX1-]: ClientLayerManager::BeginTransaction with IPC channel down. GPU process may have died.
Jun 27, 2017 21:02:02.14 [GFX1-]: ClientLayerManager::BeginTransaction with IPC channel down. GPU process may have died.
Jun 27, 2017 21:02:02.27 [GFX1-]: ClientLayerManager::BeginTransaction with IPC channel down. GPU process may have died.
Jun 27, 2017 21:02:04.22 [GFX1-]: ClientLayerManager::BeginTransaction with IPC channel down. GPU process may have died.
Jun 27, 2017 21:02:04.28 [GFX1-]: ClientLayerManager::BeginTransaction with IPC channel down. GPU process may have died.
Jun 27, 2017 21:37:28.37 [GFX1-]: ClientLayerManager::BeginTransaction with IPC channel down. GPU process may have died.
Jun 27, 2017 21:37:29.58 [GFX1-]: ClientLayerManager::BeginTransaction with IPC channel down. GPU process may have died.
Jun 27, 2017 21:38:08.27 [GFX1-]: ClientLayerManager::BeginTransaction with IPC channel down. GPU process may have died.
Jun 27, 2017 21:38:08.85 [GFX1-]: ClientLayerManager::BeginTransaction with IPC channel down. GPU process may have died.
Jun 27, 2017 21:38:08.90 [GFX1-]: ClientLayerManager::BeginTransaction with IPC channel down. GPU process may have died.
Jun 27, 2017 21:38:08.96 [GFX1-]: ClientLayerManager::BeginTransaction with IPC channel down. GPU process may have died.
Jun 27, 2017 21:38:08.98 [GFX1-]: ClientLayerManager::BeginTransaction with IPC channel down. GPU process may have died.
Jun 27, 2017 21:38:09.03 [GFX1-]: ClientLayerManager::BeginTransaction with IPC channel down. GPU process may have died.
Jun 27, 2017 21:38:09.07 [GFX1-]: ClientLayerManager::BeginTransaction with IPC channel down. GPU process may have died.
Jun 27, 2017 21:38:09.10 [GFX1-]: ClientLayerManager::BeginTransaction with IPC channel down. GPU process may have died.
Jun 27, 2017 21:38:09.13 [GFX1-]: ClientLayerManager::BeginTransaction with IPC channel down. GPU process may have died.
Jun 27, 2017 21:38:09.16 [GFX1-]: ClientLayerManager::BeginTransaction with IPC channel down. GPU process may have died.
Jun 27, 2017 21:38:09.22 [GFX1-]: ClientLayerManager::BeginTransaction with IPC channel down. GPU process may have died.
Jun 27, 2017 21:38:09.55 [GFX1-]: ClientLayerManager::BeginTransaction with IPC channel down. GPU process may have died.
Jun 27, 2017 21:38:09.80 [GFX1-]: ClientLayerManager::BeginTransaction with IPC channel down. GPU process may have died.
Jun 27, 2017 21:38:10.96 [GFX1-]: ClientLayerManager::BeginTransaction with IPC channel down. GPU process may have died.
Jun 27, 2017 21:38:10.97 [GFX1-]: ClientLayerManager::BeginTransaction with IPC channel down. GPU process may have died.
Jun 27, 2017 21:38:11.01 [GFX1-]: ClientLayerManager::BeginTransaction with IPC channel down. GPU process may have died.
Jun 27, 2017 21:38:11.63 [GFX1-]: ClientLayerManager::BeginTransaction with IPC channel down. GPU process may have died.
Jun 27, 2017 21:38:11.77 [GFX1-]: ClientLayerManager::BeginTransaction with IPC channel down. GPU process may have died.
Jun 27, 2017 21:38:11.81 [GFX1-]: ClientLayerManager::BeginTransaction with IPC channel down. GPU process may have died.
Jun 27, 2017 21:38:11.99 [GFX1-]: ClientLayerManager::BeginTransaction with IPC channel down. GPU process may have died.
Jun 27, 2017 21:38:12.13 [GFX1-]: ClientLayerManager::BeginTransaction with IPC channel down. GPU process may have died.
Jun 27, 2017 21:38:12.37 [GFX1-]: ClientLayerManager::BeginTransaction with IPC channel down. GPU process may have died.
Jun 27, 2017 21:38:12.50 [GFX1-]: ClientLayerManager::BeginTransaction with IPC channel down. GPU process may have died.
Jun 27, 2017 21:38:12.65 [GFX1-]: ClientLayerManager::BeginTransaction with IPC channel down. GPU process may have died.
Jun 27, 2017 21:38:13.73 [GFX1-]: ClientLayerManager::BeginTransaction with IPC channel down. GPU process may have died.
Jun 27, 2017 21:38:14.93 [GFX1-]: ClientLayerManager::BeginTransaction with IPC channel down. GPU process may have died.
Jun 27, 2017 21:38:16.48 [GFX1-]: ClientLayerManager::BeginTransaction with IPC channel down. GPU process may have died.
Jun 27, 2017 21:38:16.74 [GFX1-]: ClientLayerManager::BeginTransaction with IPC channel down. GPU process may have died.
Jun 27, 2017 21:38:16.81 [GFX1-]: ClientLayerManager::BeginTransaction with IPC channel down. GPU process may have died.
Jun 27, 2017 21:38:16.91 [GFX1-]: ClientLayerManager::BeginTransaction with IPC channel down. GPU process may have died.
Jun 27, 2017 21:38:16.98 [GFX1-]: ClientLayerManager::BeginTransaction with IPC channel down. GPU process may have died.
Jun 27, 2017 21:38:17.08 [GFX1-]: ClientLayerManager::BeginTransaction with IPC channel down. GPU process may have died.
Jun 27, 2017 21:38:17.18 [GFX1-]: ClientLayerManager::BeginTransaction with IPC channel down. GPU process may have died.
Jun 27, 2017 21:38:17.29 [GFX1-]: ClientLayerManager::BeginTransaction with IPC channel down. GPU process may have died.
Jun 27, 2017 21:38:17.34 [GFX1-]: ClientLayerManager::BeginTransaction with IPC channel down. GPU process may have died.
Jun 27, 2017 21:38:18.77 [GFX1-]: ClientLayerManager::BeginTransaction with IPC channel down. GPU process may have died.
Jun 27, 2017 21:38:19.05 [GFX1-]: ClientLayerManager::BeginTransaction with IPC channel down. GPU process may have died.
Jun 27, 2017 21:38:19.13 [GFX1-]: ClientLayerManager::BeginTransaction with IPC channel down. GPU process may have died.
Jun 27, 2017 21:38:19.20 [GFX1-]: ClientLayerManager::BeginTransaction with IPC channel down. GPU process may have died.
Jun 27, 2017 21:38:23.38 [GFX1-]: ClientLayerManager::BeginTransaction with IPC channel down. GPU process may have died.
Jun 27, 2017 21:38:23.96 [GFX1-]: ClientLayerManager::BeginTransaction with IPC channel down. GPU process may have died.
Jun 27, 2017 21:38:28.45 [GFX1-]: ClientLayerManager::BeginTransaction with IPC channel down. GPU process may have died.
Jun 27, 2017 21:38:28.56 [GFX1-]: ClientLayerManager::BeginTransaction with IPC channel down. GPU process may have died.
Jun 27, 2017 21:38:28.65 [GFX1-]: ClientLayerManager::BeginTransaction with IPC channel down. GPU process may have died.
Jun 27, 2017 21:38:36.89 [GFX1-]: ClientLayerManager::BeginTransaction with IPC channel down. GPU process may have died.
Jun 27, 2017 21:38:37.01 [GFX1-]: ClientLayerManager::BeginTransaction with IPC channel down. GPU process may have died.
Jun 27, 2017 21:45:21.73 [GFX1-]: ClientLayerManager::BeginTransaction with IPC channel down. GPU process may have died.
Jun 27, 2017 21:45:22.88 [GFX1-]: ClientLayerManager::BeginTransaction with IPC channel down. GPU process may have died.
Jun 27, 2017 21:46:21.73 [GFX1-]: ClientLayerManager::BeginTransaction with IPC channel down. GPU process may have died.
Jun 27, 2017 21:46:27.94 [GFX1-]: ClientLayerManager::BeginTransaction with IPC channel down. GPU process may have died.
Jun 27, 2017 21:46:28.01 [GFX1-]: ClientLayerManager::BeginTransaction with IPC channel down. GPU process may have died.
Jun 27, 2017 21:52:26.79 Handler function NetworkEventActorProxy.addSecurityInfo threw an exception: [Exception... "Component returned failure code: 0xc1f30001 (NS_ERROR_NOT_INITIALIZED) [nsIMessageSender.sendAsyncMessage]"  nsresult: "0xc1f30001 (NS_ERROR_NOT_INITIALIZED)"  location: "JS frame :: resource://gre/modules/commonjs/toolkit/loader.js -> resource://devtools/shared/webconsole/network-monitor.js :: NetworkEventActorProxy.methodFactory/< :: line 1670"  data: no]
Jun 27, 2017 21:52:26.84 Stack: NetworkEventActorProxy.methodFactory/<@resource://gre/modules/commonjs/toolkit/loader.js -> resource://devtools/shared/webconsole/network-monitor.js:1670:5
Jun 27, 2017 21:52:26.84 exports.makeInfallible/<@resource://gre/modules/commonjs/toolkit/loader.js -> resource://devtools/shared/ThreadSafeDevToolsUtils.js:101:14
Jun 27, 2017 21:52:26.84 NetworkResponseListener.prototype._getSecurityInfo<@resource://gre/modules/commonjs/toolkit/loader.js -> resource://devtools/shared/webconsole/network-monitor.js:495:5
Jun 27, 2017 21:52:26.84 exports.makeInfallible/<@resource://gre/modules/commonjs/toolkit/loader.js -> resource://devtools/shared/ThreadSafeDevToolsUtils.js:101:14
Jun 27, 2017 21:52:26.84 onStartRequest@resource://gre/modules/commonjs/toolkit/loader.js -> resource://devtools/shared/webconsole/network-monitor.js:436:5
Jun 27, 2017 21:52:26.84 Line: 1670, column: 0
Jun 27, 2017 21:52:26.84 console.error: 
Jun 27, 2017 21:52:26.84   Handler function NetworkEventActorProxy.addSecurityInfo threw an exception: [Exception... "Component returned failure code: 0xc1f30001 (NS_ERROR_NOT_INITIALIZED) [nsIMessageSender.sendAsyncMessage]"  nsresult: "0xc1f30001 (NS_ERROR_NOT_INITIALIZED)"  location: "JS frame :: resource://gre/modules/commonjs/toolkit/loader.js -> resource://devtools/shared/webconsole/network-monitor.js :: NetworkEventActorProxy.methodFactory/< :: line 1670"  data: no]
Jun 27, 2017 21:52:26.84 Stack: NetworkEventActorProxy.methodFactory/<@resource://gre/modules/commonjs/toolkit/loader.js -> resource://devtools/shared/webconsole/network-monitor.js:1670:5
Jun 27, 2017 21:52:26.84 exports.makeInfallible/<@resource://gre/modules/commonjs/toolkit/loader.js -> resource://devtools/shared/ThreadSafeDevToolsUtils.js:101:14
Jun 27, 2017 21:52:26.84 NetworkResponseListener.prototype._getSecurityInfo<@resource://gre/modules/commonjs/toolkit/loader.js -> resource://devtools/shared/webconsole/network-monitor.js:495:5
Jun 27, 2017 21:52:26.85 exports.makeInfallible/<@resource://gre/modules/commonjs/toolkit/loader.js -> resource://devtools/shared/ThreadSafeDevToolsUtils.js:101:14
Jun 27, 2017 21:52:26.85 onStartRequest@resource://gre/modules/commonjs/toolkit/loader.js -> resource://devtools/shared/webconsole/network-monitor.js:436:5
Jun 27, 2017 21:52:26.85 Line: 1670, column: 0
Jun 27, 2017 21:52:26.91 Handler function NetworkEventActorProxy.addResponseContent threw an exception: [Exception... "Component returned failure code: 0xc1f30001 (NS_ERROR_NOT_INITIALIZED) [nsIMessageSender.sendAsyncMessage]"  nsresult: "0xc1f30001 (NS_ERROR_NOT_INITIALIZED)"  location: "JS frame :: resource://gre/modules/commonjs/toolkit/loader.js -> resource://devtools/shared/webconsole/network-monitor.js :: NetworkEventActorProxy.methodFactory/< :: line 1670"  data: no]
Jun 27, 2017 21:52:26.91 Stack: NetworkEventActorProxy.methodFactory/<@resource://gre/modules/commonjs/toolkit/loader.js -> resource://devtools/shared/webconsole/network-monitor.js:1670:5
Jun 27, 2017 21:52:26.91 exports.makeInfallible/<@resource://gre/modules/commonjs/toolkit/loader.js -> resource://devtools/shared/ThreadSafeDevToolsUtils.js:101:14
Jun 27, 2017 21:52:26.91 _onComplete@resource://gre/modules/commonjs/toolkit/loader.js -> resource://devtools/shared/webconsole/network-monitor.js:628:5
Jun 27, 2017 21:52:26.91 onStreamClose@resource://gre/modules/commonjs/toolkit/loader.js -> resource://devtools/shared/webconsole/network-monitor.js:585:7
Jun 27, 2017 21:52:26.91 onInputStreamReady@resource://gre/modules/commonjs/toolkit/loader.js -> resource://devtools/shared/webconsole/network-monitor.js:676:7
Jun 27, 2017 21:52:26.91 Line: 1670, column: 0
Jun 27, 2017 21:52:26.92 console.error: 
Jun 27, 2017 21:52:26.92   Handler function NetworkEventActorProxy.addResponseContent threw an exception: [Exception... "Component returned failure code: 0xc1f30001 (NS_ERROR_NOT_INITIALIZED) [nsIMessageSender.sendAsyncMessage]"  nsresult: "0xc1f30001 (NS_ERROR_NOT_INITIALIZED)"  location: "JS frame :: resource://gre/modules/commonjs/toolkit/loader.js -> resource://devtools/shared/webconsole/network-monitor.js :: NetworkEventActorProxy.methodFactory/< :: line 1670"  data: no]
Jun 27, 2017 21:52:26.92 Stack: NetworkEventActorProxy.methodFactory/<@resource://gre/modules/commonjs/toolkit/loader.js -> resource://devtools/shared/webconsole/network-monitor.js:1670:5
Jun 27, 2017 21:52:26.92 exports.makeInfallible/<@resource://gre/modules/commonjs/toolkit/loader.js -> resource://devtools/shared/ThreadSafeDevToolsUtils.js:101:14
Jun 27, 2017 21:52:26.92 _onComplete@resource://gre/modules/commonjs/toolkit/loader.js -> resource://devtools/shared/webconsole/network-monitor.js:628:5
Jun 27, 2017 21:52:26.92 onStreamClose@resource://gre/modules/commonjs/toolkit/loader.js -> resource://devtools/shared/webconsole/network-monitor.js:585:7
Jun 27, 2017 21:52:26.92 onInputStreamReady@resource://gre/modules/commonjs/toolkit/loader.js -> resource://devtools/shared/webconsole/network-monitor.js:676:7
Jun 27, 2017 21:52:26.92 Line: 1670, column: 0
Jun 27, 2017 21:52:40.95 [GPU 1676] WARNING: pipe error: 109: file c:/builds/moz2_slave/m-rel-w32-00000000000000000000/build/src/ipc/chromium/src/chrome/common/ipc_channel_win.cc, line 346
Jun 27, 2017 21:52:41.94 [Child 6948] WARNING: pipe error: 109: file c:/builds/moz2_slave/m-rel-w32-00000000000000000000/build/src/ipc/chromium/src/chrome/common/ipc_channel_win.cc, line 346
Jun 27, 2017 21:52:41.95 [Child 6948] WARNING: pipe error: 109: file c:/builds/moz2_slave/m-rel-w32-00000000000000000000/build/src/ipc/chromium/src/chrome/common/ipc_channel_win.cc, line 346
Jun 27, 2017 21:52:44.78 [GFX1-]: ClientLayerManager::BeginTransaction with IPC channel down. GPU process may have died.
Jun 27, 2017 21:52:45.91 [GFX1-]: ClientLayerManager::BeginTransaction with IPC channel down. GPU process may have died.
Jun 27, 2017 21:53:41.38 [GFX1-]: ClientLayerManager::BeginTransaction with IPC channel down. GPU process may have died.
Jun 27, 2017 21:53:44.53 [GFX1-]: ClientLayerManager::BeginTransaction with IPC channel down. GPU process may have died.
Jun 27, 2017 21:53:44.60 [GFX1-]: ClientLayerManager::BeginTransaction with IPC channel down. GPU process may have died.
Jun 27, 2017 22:01:18.33 [Child 7848] WARNING: pipe error: 109: file c:/builds/moz2_slave/m-rel-w32-00000000000000000000/build/src/ipc/chromium/src/chrome/common/ipc_channel_win.cc, line 346
Jun 27, 2017 22:01:18.41 
Jun 27, 2017 22:01:18.41 ###!!! [Child][MessageChannel] Error: (msgtype=0x4400AB,name=PContent::Msg_ConsoleMessage) Channel closing: too late to send/recv, messages will be lost
Jun 27, 2017 22:01:18.41 
Jun 27, 2017 22:01:18.41 [Child 7848] WARNING: pipe error: 109: file c:/builds/moz2_slave/m-rel-w32-00000000000000000000/build/src/ipc/chromium/src/chrome/common/ipc_channel_win.cc, line 346
Jun 27, 2017 22:12:03.63 [Child 9032] WARNING: pipe error: 109: file c:/builds/moz2_slave/m-rel-w32-00000000000000000000/build/src/ipc/chromium/src/chrome/common/ipc_channel_win.cc, line 346
Jun 27, 2017 22:28:51.38 1498582731387	Sync.ErrorHandler	ERROR	Sync encountered a login error
Jun 27, 2017 23:28:51.41 1498586331411	Sync.ErrorHandler	ERROR	Sync encountered a login error

Jun 29, 2017 22:36:09.03 NEW SESSION
Jun 29, 2017 22:36:09.03 [GFX1-]: ClientLayerManager::BeginTransaction with IPC channel down. GPU process may have died.
Jun 29, 2017 22:36:10.13 [GFX1-]: ClientLayerManager::BeginTransaction with IPC channel down. GPU process may have died.
Jun 29, 2017 22:37:04.79 [GFX1-]: ClientLayerManager::BeginTransaction with IPC channel down. GPU process may have died.
Jun 29, 2017 22:37:04.83 [GFX1-]: ClientLayerManager::BeginTransaction with IPC channel down. GPU process may have died.
Jun 29, 2017 22:37:19.43 [GFX1-]: ClientLayerManager::BeginTransaction with IPC channel down. GPU process may have died.
Jun 29, 2017 22:37:22.04 [GFX1-]: ClientLayerManager::BeginTransaction with IPC channel down. GPU process may have died.
Jun 29, 2017 22:37:22.28 [GFX1-]: ClientLayerManager::BeginTransaction with IPC channel down. GPU process may have died.
Jun 29, 2017 22:37:24.27 [GFX1-]: ClientLayerManager::BeginTransaction with IPC channel down. GPU process may have died.
Jun 29, 2017 22:37:31.33 [GFX1-]: ClientLayerManager::BeginTransaction with IPC channel down. GPU process may have died.
Jun 29, 2017 22:37:31.47 [GFX1-]: ClientLayerManager::BeginTransaction with IPC channel down. GPU process may have died.
Jun 29, 2017 22:37:34.86 [GFX1-]: ClientLayerManager::BeginTransaction with IPC channel down. GPU process may have died.
Jun 29, 2017 22:37:54.63 [GFX1-]: ClientLayerManager::BeginTransaction with IPC channel down. GPU process may have died.
Jun 29, 2017 22:37:54.64 [GFX1-]: ClientLayerManager::BeginTransaction with IPC channel down. GPU process may have died.
Jun 29, 2017 22:37:54.72 [GFX1-]: ClientLayerManager::BeginTransaction with IPC channel down. GPU process may have died.
Jun 29, 2017 22:38:06.33 [GFX1-]: ClientLayerManager::BeginTransaction with IPC channel down. GPU process may have died.
Jun 29, 2017 22:38:06.34 [GFX1-]: ClientLayerManager::BeginTransaction with IPC channel down. GPU process may have died.
Jun 29, 2017 22:38:06.37 [GFX1-]: ClientLayerManager::BeginTransaction with IPC channel down. GPU process may have died.
Jun 29, 2017 22:38:09.06 [GFX1-]: ClientLayerManager::BeginTransaction with IPC channel down. GPU process may have died.
Jun 29, 2017 22:38:09.09 [GFX1-]: ClientLayerManager::BeginTransaction with IPC channel down. GPU process may have died.
Jun 29, 2017 22:38:12.38 [GFX1-]: ClientLayerManager::BeginTransaction with IPC channel down. GPU process may have died.
Jun 29, 2017 22:38:12.80 [GFX1-]: ClientLayerManager::BeginTransaction with IPC channel down. GPU process may have died.
Jun 29, 2017 22:38:12.99 [GFX1-]: ClientLayerManager::BeginTransaction with IPC channel down. GPU process may have died.
Jun 29, 2017 22:38:13.40 [GFX1-]: ClientLayerManager::BeginTransaction with IPC channel down. GPU process may have died.
Jun 29, 2017 22:38:18.42 [GFX1-]: ClientLayerManager::BeginTransaction with IPC channel down. GPU process may have died.
Jun 29, 2017 22:38:18.82 [GFX1-]: ClientLayerManager::BeginTransaction with IPC channel down. GPU process may have died.
Jun 29, 2017 22:38:19.04 [GFX1-]: ClientLayerManager::BeginTransaction with IPC channel down. GPU process may have died.
Jun 29, 2017 22:38:19.44 [GFX1-]: ClientLayerManager::BeginTransaction with IPC channel down. GPU process may have died.
Jun 29, 2017 22:38:20.28 [GFX1-]: ClientLayerManager::BeginTransaction with IPC channel down. GPU process may have died.
Jun 29, 2017 22:38:24.12 [GFX1-]: ClientLayerManager::BeginTransaction with IPC channel down. GPU process may have died.
Jun 29, 2017 22:38:24.44 [GFX1-]: ClientLayerManager::BeginTransaction with IPC channel down. GPU process may have died.
Jun 29, 2017 22:38:24.91 [GFX1-]: ClientLayerManager::BeginTransaction with IPC channel down. GPU process may have died.
Jun 29, 2017 22:38:36.03 [GFX1-]: ClientLayerManager::BeginTransaction with IPC channel down. GPU process may have died.
Jun 29, 2017 22:38:36.40 [GFX1-]: ClientLayerManager::BeginTransaction with IPC channel down. GPU process may have died.
Jun 29, 2017 22:38:36.47 [GFX1-]: ClientLayerManager::BeginTransaction with IPC channel down. GPU process may have died.
Jun 29, 2017 22:38:37.26 [GFX1-]: ClientLayerManager::BeginTransaction with IPC channel down. GPU process may have died.
Jun 29, 2017 22:38:37.26 [GFX1-]: ClientLayerManager::BeginTransaction with IPC channel down. GPU process may have died.
Jun 29, 2017 22:38:37.44 [GFX1-]: ClientLayerManager::BeginTransaction with IPC channel down. GPU process may have died.
Jun 29, 2017 22:38:37.45 [GFX1-]: ClientLayerManager::BeginTransaction with IPC channel down. GPU process may have died.
Jun 29, 2017 22:38:37.48 [GFX1-]: ClientLayerManager::BeginTransaction with IPC channel down. GPU process may have died.
Jun 29, 2017 22:38:37.65 [GFX1-]: ClientLayerManager::BeginTransaction with IPC channel down. GPU process may have died.
Jun 29, 2017 22:38:37.73 [GFX1-]: ClientLayerManager::BeginTransaction with IPC channel down. GPU process may have died.
Jun 29, 2017 22:38:37.95 [GFX1-]: ClientLayerManager::BeginTransaction with IPC channel down. GPU process may have died.
Jun 29, 2017 22:38:38.01 [GFX1-]: ClientLayerManager::BeginTransaction with IPC channel down. GPU process may have died.
Jun 29, 2017 22:38:43.45 [GFX1-]: ClientLayerManager::BeginTransaction with IPC channel down. GPU process may have died.
Jun 29, 2017 22:38:43.48 [GFX1-]: ClientLayerManager::BeginTransaction with IPC channel down. GPU process may have died.
Jun 29, 2017 22:38:43.50 [GFX1-]: ClientLayerManager::BeginTransaction with IPC channel down. GPU process may have died.
Jun 29, 2017 22:38:43.91 [GFX1-]: ClientLayerManager::BeginTransaction with IPC channel down. GPU process may have died.
Jun 29, 2017 22:39:04.81 [GFX1-]: ClientLayerManager::BeginTransaction with IPC channel down. GPU process may have died.
Jun 29, 2017 22:39:11.70 [GFX1-]: ClientLayerManager::BeginTransaction with IPC channel down. GPU process may have died.
Jun 29, 2017 22:39:33.29 [GFX1-]: ClientLayerManager::BeginTransaction with IPC channel down. GPU process may have died.
Jun 29, 2017 22:39:33.33 [GFX1-]: ClientLayerManager::BeginTransaction with IPC channel down. GPU process may have died.
Jun 29, 2017 22:39:33.65 [GFX1-]: ClientLayerManager::BeginTransaction with IPC channel down. GPU process may have died.
Jun 29, 2017 22:39:35.71 [GFX1-]: ClientLayerManager::BeginTransaction with IPC channel down. GPU process may have died.
Jun 29, 2017 22:39:35.83 [GFX1-]: ClientLayerManager::BeginTransaction with IPC channel down. GPU process may have died.

Jun 30, 2017 11:22:11.06 NEW SESSION
Jun 30, 2017 11:22:11.06 console.warn: nsLoginManager: searchLogins: `formSubmitURL` or `httpRealm` is recommended
Jun 30, 2017 11:34:29.95 [GPU 2492] WARNING: pipe error: 109: file c:/builds/moz2_slave/m-rel-w32-00000000000000000000/build/src/ipc/chromium/src/chrome/common/ipc_channel_win.cc, line 346
Jun 30, 2017 11:34:29.95 [GPU 2492] WARNING: pipe error: 109: file c:/builds/moz2_slave/m-rel-w32-00000000000000000000/build/src/ipc/chromium/src/chrome/common/ipc_channel_win.cc, line 346
Jun 30, 2017 11:34:30.09 [Child 440] WARNING: pipe error: 109: file c:/builds/moz2_slave/m-rel-w32-00000000000000000000/build/src/ipc/chromium/src/chrome/common/ipc_channel_win.cc, line 346

Jun 30, 2017 16:06:52.41 NEW SESSION
Jun 30, 2017 16:06:52.41 [GPU 8812] WARNING: pipe error: 109: file c:/builds/moz2_slave/m-rel-w32-00000000000000000000/build/src/ipc/chromium/src/chrome/common/ipc_channel_win.cc, line 346
Jun 30, 2017 16:06:54.36 
Jun 30, 2017 16:06:54.36 ###!!! [Child][MessageChannel::SendAndWait] Error: Channel error: cannot send/recv
Jun 30, 2017 16:06:54.36 
Jun 30, 2017 16:08:58.07 
Jun 30, 2017 16:08:58.07 ###!!! [Child][MessageChannel::SendAndWait] Error: Channel error: cannot send/recv
Jun 30, 2017 16:08:58.07 
Jun 30, 2017 16:09:23.91 [Child 5304] WARNING: pipe error: 109: file c:/builds/moz2_slave/m-rel-w32-00000000000000000000/build/src/ipc/chromium/src/chrome/common/ipc_channel_win.cc, line 346
Jun 30, 2017 16:55:12.29 [NPAPI 9372] WARNING: pipe error: 109: file c:/builds/moz2_slave/m-rel-w32-00000000000000000000/build/src/ipc/chromium/src/chrome/common/ipc_channel_win.cc, line 346
Jun 30, 2017 17:07:00.18 
Jun 30, 2017 17:07:01.60 ###!!! [Parent][MessageChannel] Error: (msgtype=0x2C008F,name=PBrowser::Msg_UpdateNativeWindowHandle) Closed channel: cannot send/recv
Jun 30, 2017 17:07:01.60 
Jun 30, 2017 17:07:01.60 
Jun 30, 2017 17:07:01.62 ###!!! [Parent][MessageChannel] Error: (msgtype=0x2C0082,name=PBrowser::Msg_Destroy) Closed channel: cannot send/recv
Jun 30, 2017 17:07:01.62 
Jun 30, 2017 17:07:01.62 [Child 13180] WARNING: pipe error: 109: file c:/builds/moz2_slave/m-rel-w32-00000000000000000000/build/src/ipc/chromium/src/chrome/common/ipc_channel_win.cc, line 346
Jun 30, 2017 17:07:01.62 [Child 13180] WARNING: pipe error: 109: file c:/builds/moz2_slave/m-rel-w32-00000000000000000000/build/src/ipc/chromium/src/chrome/common/ipc_channel_win.cc, line 346
Jun 30, 2017 17:07:01.62 
Jun 30, 2017 17:07:01.62 ###!!! [Child][MessageChannel] Error: (msgtype=0x2C0001,name=PBrowser::Msg_AsyncMessage) Closed channel: cannot send/recv
Jun 30, 2017 17:07:01.62 
Jun 30, 2017 17:07:01.62 
Jun 30, 2017 17:07:01.62 ###!!! [Child][MessageChannel] Error: (msgtype=0x2C0001,name=PBrowser::Msg_AsyncMessage) Closed channel: cannot send/recv
Jun 30, 2017 17:07:01.62 
Jun 30, 2017 17:07:01.62 
Jun 30, 2017 17:07:01.62 ###!!! [Child][MessageChannel] Error: (msgtype=0x2C0001,name=PBrowser::Msg_AsyncMessage) Closed channel: cannot send/recv
Jun 30, 2017 17:07:01.62 
Jun 30, 2017 17:07:01.62 
Jun 30, 2017 17:07:01.62 ###!!! [Child][MessageChannel] Error: (msgtype=0x2C002B,name=PBrowser::Msg_SetInputContext) Closed channel: cannot send/recv
Jun 30, 2017 17:07:01.62 
Jun 30, 2017 17:07:10.66 
Jun 30, 2017 17:07:10.66 ###!!! [Parent][MessageChannel] Error: (msgtype=0x40000B,name=PCompositorWidget::Msg_UnobserveVsync) Channel error: cannot send/recv
Jun 30, 2017 17:07:10.66 

Jul 03, 2017 10:25:59.41 NEW SESSION
Jul 03, 2017 10:25:59.41 1499057759411	addons.update-checker	WARN	Update manifest for e10srollout@mozilla.org did not contain an updates property
Jul 03, 2017 10:25:59.45 1499057759454	addons.update-checker	WARN	Update manifest for aushelper@mozilla.org did not contain an updates property
Jul 03, 2017 10:25:59.51 1499057759512	addons.update-checker	WARN	Update manifest for webcompat@mozilla.org did not contain an updates property
Jul 03, 2017 10:25:59.57 1499057759569	addons.update-checker	WARN	Update manifest for firefox@getpocket.com did not contain an updates property
Jul 03, 2017 10:25:59.69 1499057759694	addons.update-checker	WARN	Update manifest for {972ce4c6-7e08-4474-a285-3208198ce6fd} did not contain an updates property
Jul 03, 2017 10:25:59.73 1499057759734	addons.update-checker	WARN	Update manifest for followonsearch@mozilla.com did not contain an updates property

Jul 04, 2017 16:08:14.48 NEW SESSION
Jul 04, 2017 16:08:14.49 [GPU 3904] WARNING: pipe error: 109: file c:/builds/moz2_slave/m-rel-w32-00000000000000000000/build/src/ipc/chromium/src/chrome/common/ipc_channel_win.cc, line 346
Jul 04, 2017 16:08:14.90 [Child 11988] WARNING: pipe error: 109: file c:/builds/moz2_slave/m-rel-w32-00000000000000000000/build/src/ipc/chromium/src/chrome/common/ipc_channel_win.cc, line 346
Jul 04, 2017 16:08:14.90 [Child 11988] WARNING: pipe error: 109: file c:/builds/moz2_slave/m-rel-w32-00000000000000000000/build/src/ipc/chromium/src/chrome/common/ipc_channel_win.cc, line 346
Jul 04, 2017 16:08:16.43 
Jul 04, 2017 16:08:16.43 ###!!! [Child][MessageChannel::SendAndWait] Error: Channel error: cannot send/recv
Jul 04, 2017 16:08:16.43 

Jul 07, 2017 11:28:01.68 NEW SESSION
Jul 07, 2017 11:28:01.68 [3252:8556:0707/112801.600:ERROR:service_manager.cc(158)] Connection InterfaceProviderSpec prevented service: content_plugin from binding interface: memory_instrumentation::mojom::Coordinator exposed by: content_browser

Jul 17, 2017 16:15:01.67 NEW SESSION
Jul 17, 2017 16:15:01.67 [Child 10160] WARNING: pipe error: 109: file c:/builds/moz2_slave/m-rel-w32-00000000000000000000/build/src/ipc/chromium/src/chrome/common/ipc_channel_win.cc, line 346
Jul 17, 2017 16:15:01.70 [Child 10160] WARNING: pipe error: 109: file c:/builds/moz2_slave/m-rel-w32-00000000000000000000/build/src/ipc/chromium/src/chrome/common/ipc_channel_win.cc, line 346
Jul 17, 2017 16:15:01.91 
Jul 17, 2017 16:15:01.91 ###!!! [Child][MessageChannel::SendAndWait] Error: Channel error: cannot send/recv
Jul 17, 2017 16:15:01.91 

Jul 17, 2017 17:16:49.58 NEW SESSION
Jul 17, 2017 17:16:49.58 [GPU 4568] WARNING: pipe error: 109: file c:/builds/moz2_slave/m-rel-w32-00000000000000000000/build/src/ipc/chromium/src/chrome/common/ipc_channel_win.cc, line 346
Jul 17, 2017 17:16:49.71 [Child 6912] WARNING: pipe error: 109: file c:/builds/moz2_slave/m-rel-w32-00000000000000000000/build/src/ipc/chromium/src/chrome/common/ipc_channel_win.cc, line 346
Jul 17, 2017 17:16:49.71 [Child 6912] WARNING: pipe error: 109: file c:/builds/moz2_slave/m-rel-w32-00000000000000000000/build/src/ipc/chromium/src/chrome/common/ipc_channel_win.cc, line 346
Jul 17, 2017 17:16:50.92 
Jul 17, 2017 17:16:50.93 ###!!! [Child][MessageChannel::SendAndWait] Error: Channel error: cannot send/recv
Jul 17, 2017 17:16:50.93 
Jul 17, 2017 17:23:30.49 [GPU 952] WARNING: pipe error: 109: file c:/builds/moz2_slave/m-rel-w32-00000000000000000000/build/src/ipc/chromium/src/chrome/common/ipc_channel_win.cc, line 346
Jul 17, 2017 17:23:30.52 [GPU 952] WARNING: pipe error: 109: file c:/builds/moz2_slave/m-rel-w32-00000000000000000000/build/src/ipc/chromium/src/chrome/common/ipc_channel_win.cc, line 346
Jul 17, 2017 17:23:30.64 [Child 5200] WARNING: pipe error: 109: file c:/builds/moz2_slave/m-rel-w32-00000000000000000000/build/src/ipc/chromium/src/chrome/common/ipc_channel_win.cc, line 346
Jul 17, 2017 17:23:31.78 
Jul 17, 2017 17:23:31.78 ###!!! [Child][MessageChannel::SendAndWait] Error: Channel error: cannot send/recv
Jul 17, 2017 17:23:31.78 

Jul 17, 2017 19:21:46.55 NEW SESSION
Jul 17, 2017 19:21:46.55 [Child 8128] WARNING: pipe error: 109: file c:/builds/moz2_slave/m-rel-w32-00000000000000000000/build/src/ipc/chromium/src/chrome/common/ipc_channel_win.cc, line 346
Jul 17, 2017 19:21:46.60 [Child 8128] WARNING: pipe error: 109: file c:/builds/moz2_slave/m-rel-w32-00000000000000000000/build/src/ipc/chromium/src/chrome/common/ipc_channel_win.cc, line 346
Jul 17, 2017 19:22:20.49 [GPU 1304] WARNING: pipe error: 109: file c:/builds/moz2_slave/m-rel-w32-00000000000000000000/build/src/ipc/chromium/src/chrome/common/ipc_channel_win.cc, line 346
Jul 17, 2017 19:22:20.52 [GPU 1304] WARNING: pipe error: 109: file c:/builds/moz2_slave/m-rel-w32-00000000000000000000/build/src/ipc/chromium/src/chrome/common/ipc_channel_win.cc, line 346
Jul 17, 2017 19:24:00.24 [GPU 1304] WARNING: pipe error: 109: file c:/builds/moz2_slave/m-rel-w32-00000000000000000000/build/src/ipc/chromium/src/chrome/common/ipc_channel_win.cc, line 346
Jul 17, 2017 19:24:01.90 [GPU 1304] WARNING: pipe error: 109: file c:/builds/moz2_slave/m-rel-w32-00000000000000000000/build/src/ipc/chromium/src/chrome/common/ipc_channel_win.cc, line 346
Jul 17, 2017 19:24:01.93 [GPU 1304] WARNING: pipe error: 109: file c:/builds/moz2_slave/m-rel-w32-00000000000000000000/build/src/ipc/chromium/src/chrome/common/ipc_channel_win.cc, line 346
Jul 17, 2017 19:24:07.88 [NPAPI 11152] WARNING: pipe error: 109: file c:/builds/moz2_slave/m-rel-w32-00000000000000000000/build/src/ipc/chromium/src/chrome/common/ipc_channel_win.cc, line 346
Jul 17, 2017 19:24:08.15 
Jul 17, 2017 19:24:08.15 ###!!! [Child][MessageChannel::SendAndWait] Error: Channel error: cannot send/recv
Jul 17, 2017 19:24:08.15 

Jul 18, 2017 21:16:05.10 NEW SESSION
Jul 18, 2017 21:16:05.10 console.warn: nsLoginManager: searchLogins: `formSubmitURL` or `httpRealm` is recommended
Jul 18, 2017 21:54:39.05 [GFX1-]: ClientLayerManager::BeginTransaction with IPC channel down. GPU process may have died.
Jul 18, 2017 21:54:59.21 [GFX1-]: ClientLayerManager::BeginTransaction with IPC channel down. GPU process may have died.
Jul 18, 2017 21:55:01.80 [GFX1-]: ClientLayerManager::BeginTransaction with IPC channel down. GPU process may have died.
Jul 18, 2017 21:55:02.18 [GFX1-]: ClientLayerManager::BeginTransaction with IPC channel down. GPU process may have died.
Jul 18, 2017 21:55:02.21 [GFX1-]: ClientLayerManager::BeginTransaction with IPC channel down. GPU process may have died.
Jul 18, 2017 21:55:04.96 [GFX1-]: ClientLayerManager::BeginTransaction with IPC channel down. GPU process may have died.
Jul 18, 2017 21:55:09.53 [GFX1-]: ClientLayerManager::BeginTransaction with IPC channel down. GPU process may have died.
Jul 18, 2017 21:55:09.56 [GFX1-]: ClientLayerManager::BeginTransaction with IPC channel down. GPU process may have died.
Jul 18, 2017 21:55:10.14 [GFX1-]: ClientLayerManager::BeginTransaction with IPC channel down. GPU process may have died.
Jul 18, 2017 22:01:57.54 [GFX1-]: ClientLayerManager::BeginTransaction with IPC channel down. GPU process may have died.
Jul 18, 2017 22:02:27.61 [GFX1-]: ClientLayerManager::BeginTransaction with IPC channel down. GPU process may have died.
Jul 18, 2017 22:02:37.17 [GFX1-]: ClientLayerManager::BeginTransaction with IPC channel down. GPU process may have died.
Jul 18, 2017 22:02:38.13 [GFX1-]: ClientLayerManager::BeginTransaction with IPC channel down. GPU process may have died.
Jul 18, 2017 22:02:38.76 [GFX1-]: ClientLayerManager::BeginTransaction with IPC channel down. GPU process may have died.
Jul 18, 2017 22:02:39.18 [GFX1-]: ClientLayerManager::BeginTransaction with IPC channel down. GPU process may have died.
Jul 18, 2017 22:02:39.93 [GFX1-]: ClientLayerManager::BeginTransaction with IPC channel down. GPU process may have died.
Jul 18, 2017 22:02:40.01 [GFX1-]: ClientLayerManager::BeginTransaction with IPC channel down. GPU process may have died.
Jul 18, 2017 22:02:40.04 [GFX1-]: ClientLayerManager::BeginTransaction with IPC channel down. GPU process may have died.
Jul 18, 2017 22:02:40.10 [GFX1-]: ClientLayerManager::BeginTransaction with IPC channel down. GPU process may have died.
Jul 18, 2017 22:02:40.15 [GFX1-]: ClientLayerManager::BeginTransaction with IPC channel down. GPU process may have died.
Jul 18, 2017 22:02:42.05 [GFX1-]: ClientLayerManager::BeginTransaction with IPC channel down. GPU process may have died.
Jul 18, 2017 22:02:45.04 [GFX1-]: ClientLayerManager::BeginTransaction with IPC channel down. GPU process may have died.
Jul 18, 2017 22:02:57.79 [GFX1-]: ClientLayerManager::BeginTransaction with IPC channel down. GPU process may have died.
Jul 18, 2017 22:03:27.57 [GFX1-]: ClientLayerManager::BeginTransaction with IPC channel down. GPU process may have died.
Jul 18, 2017 22:04:32.56 [GFX1-]: ClientLayerManager::BeginTransaction with IPC channel down. GPU process may have died.
Jul 18, 2017 22:04:32.80 [GFX1-]: ClientLayerManager::BeginTransaction with IPC channel down. GPU process may have died.
Jul 18, 2017 22:04:32.82 [GFX1-]: ClientLayerManager::BeginTransaction with IPC channel down. GPU process may have died.
Jul 18, 2017 22:04:32.83 [GFX1-]: ClientLayerManager::BeginTransaction with IPC channel down. GPU process may have died.
Jul 18, 2017 22:04:33.02 [GFX1-]: ClientLayerManager::BeginTransaction with IPC channel down. GPU process may have died.
Jul 18, 2017 22:04:33.10 [GFX1-]: ClientLayerManager::BeginTransaction with IPC channel down. GPU process may have died.
Jul 18, 2017 22:04:35.48 [GFX1-]: ClientLayerManager::BeginTransaction with IPC channel down. GPU process may have died.
Jul 18, 2017 22:04:35.54 [GFX1-]: ClientLayerManager::BeginTransaction with IPC channel down. GPU process may have died.
Jul 18, 2017 22:04:39.16 [GFX1-]: ClientLayerManager::BeginTransaction with IPC channel down. GPU process may have died.
Jul 18, 2017 22:04:39.31 [GFX1-]: ClientLayerManager::BeginTransaction with IPC channel down. GPU process may have died.
Jul 18, 2017 22:04:39.46 [GFX1-]: ClientLayerManager::BeginTransaction with IPC channel down. GPU process may have died.
Jul 18, 2017 22:04:39.69 [GFX1-]: ClientLayerManager::BeginTransaction with IPC channel down. GPU process may have died.
Jul 18, 2017 22:04:43.08 [GFX1-]: ClientLayerManager::BeginTransaction with IPC channel down. GPU process may have died.
Jul 18, 2017 22:04:53.06 [GFX1-]: ClientLayerManager::BeginTransaction with IPC channel down. GPU process may have died.
Jul 18, 2017 22:12:05.04 [GFX1-]: ClientLayerManager::BeginTransaction with IPC channel down. GPU process may have died.
Jul 18, 2017 22:12:35.07 [GFX1-]: ClientLayerManager::BeginTransaction with IPC channel down. GPU process may have died.
Jul 18, 2017 22:12:56.04 [GFX1-]: ClientLayerManager::BeginTransaction with IPC channel down. GPU process may have died.
Jul 18, 2017 22:12:56.15 [GFX1-]: ClientLayerManager::BeginTransaction with IPC channel down. GPU process may have died.
Jul 18, 2017 22:12:56.91 [GFX1-]: ClientLayerManager::BeginTransaction with IPC channel down. GPU process may have died.
Jul 18, 2017 22:12:57.43 [GFX1-]: ClientLayerManager::BeginTransaction with IPC channel down. GPU process may have died.
Jul 18, 2017 22:12:58.29 [GFX1-]: ClientLayerManager::BeginTransaction with IPC channel down. GPU process may have died.
Jul 18, 2017 22:12:58.46 [GFX1-]: ClientLayerManager::BeginTransaction with IPC channel down. GPU process may have died.
Jul 18, 2017 22:12:58.48 [GFX1-]: ClientLayerManager::BeginTransaction with IPC channel down. GPU process may have died.
Jul 18, 2017 22:12:58.68 [GFX1-]: ClientLayerManager::BeginTransaction with IPC channel down. GPU process may have died.
Jul 18, 2017 22:12:58.71 [GFX1-]: ClientLayerManager::BeginTransaction with IPC channel down. GPU process may have died.
Jul 18, 2017 22:12:58.74 [GFX1-]: ClientLayerManager::BeginTransaction with IPC channel down. GPU process may have died.
Jul 18, 2017 22:12:58.78 [GFX1-]: ClientLayerManager::BeginTransaction with IPC channel down. GPU process may have died.
Jul 18, 2017 22:12:59.27 [GFX1-]: ClientLayerManager::BeginTransaction with IPC channel down. GPU process may have died.
Jul 18, 2017 22:12:59.55 [GFX1-]: ClientLayerManager::BeginTransaction with IPC channel down. GPU process may have died.
Jul 18, 2017 22:13:05.36 [GFX1-]: ClientLayerManager::BeginTransaction with IPC channel down. GPU process may have died.
Jul 18, 2017 22:13:05.38 [GFX1-]: ClientLayerManager::BeginTransaction with IPC channel down. GPU process may have died.
Jul 18, 2017 22:13:05.47 [GFX1-]: ClientLayerManager::BeginTransaction with IPC channel down. GPU process may have died.
Jul 18, 2017 22:13:34.01 [GFX1-]: ClientLayerManager::BeginTransaction with IPC channel down. GPU process may have died.
Jul 18, 2017 22:13:35.15 [GFX1-]: ClientLayerManager::BeginTransaction with IPC channel down. GPU process may have died.
Jul 18, 2017 22:14:14.60 [GFX1-]: ClientLayerManager::BeginTransaction with IPC channel down. GPU process may have died.
Jul 18, 2017 22:14:17.56 [GFX1-]: ClientLayerManager::BeginTransaction with IPC channel down. GPU process may have died.
Jul 18, 2017 22:14:28.76 [GFX1-]: ClientLayerManager::BeginTransaction with IPC channel down. GPU process may have died.
Jul 18, 2017 22:14:28.87 [GFX1-]: ClientLayerManager::BeginTransaction with IPC channel down. GPU process may have died.
Jul 18, 2017 22:14:29.13 [GFX1-]: ClientLayerManager::BeginTransaction with IPC channel down. GPU process may have died.
Jul 18, 2017 22:14:29.17 [GFX1-]: ClientLayerManager::BeginTransaction with IPC channel down. GPU process may have died.
Jul 18, 2017 22:14:29.19 [GFX1-]: ClientLayerManager::BeginTransaction with IPC channel down. GPU process may have died.
Jul 18, 2017 22:14:29.30 [GFX1-]: ClientLayerManager::BeginTransaction with IPC channel down. GPU process may have died.
Jul 18, 2017 22:14:29.32 [GFX1-]: ClientLayerManager::BeginTransaction with IPC channel down. GPU process may have died.
Jul 18, 2017 22:14:29.34 [GFX1-]: ClientLayerManager::BeginTransaction with IPC channel down. GPU process may have died.
Jul 18, 2017 22:14:31.90 [GFX1-]: ClientLayerManager::BeginTransaction with IPC channel down. GPU process may have died.
Jul 18, 2017 22:14:31.92 [GFX1-]: ClientLayerManager::BeginTransaction with IPC channel down. GPU process may have died.
Jul 18, 2017 22:14:36.14 [GFX1-]: ClientLayerManager::BeginTransaction with IPC channel down. GPU process may have died.
Jul 18, 2017 22:14:36.43 [GFX1-]: ClientLayerManager::BeginTransaction with IPC channel down. GPU process may have died.
Jul 18, 2017 22:14:36.78 [GFX1-]: ClientLayerManager::BeginTransaction with IPC channel down. GPU process may have died.
Jul 18, 2017 22:14:41.83 [GFX1-]: ClientLayerManager::BeginTransaction with IPC channel down. GPU process may have died.
Jul 18, 2017 22:14:49.81 [GFX1-]: ClientLayerManager::BeginTransaction with IPC channel down. GPU process may have died.
Jul 18, 2017 22:14:51.35 [GFX1-]: ClientLayerManager::BeginTransaction with IPC channel down. GPU process may have died.
Jul 18, 2017 22:14:52.90 [GFX1-]: ClientLayerManager::BeginTransaction with IPC channel down. GPU process may have died.
Jul 18, 2017 22:14:53.02 [GFX1-]: ClientLayerManager::BeginTransaction with IPC channel down. GPU process may have died.
Jul 18, 2017 22:14:53.10 [GFX1-]: ClientLayerManager::BeginTransaction with IPC channel down. GPU process may have died.
Jul 18, 2017 22:14:53.26 [GFX1-]: ClientLayerManager::BeginTransaction with IPC channel down. GPU process may have died.
Jul 18, 2017 22:14:53.40 [GFX1-]: ClientLayerManager::BeginTransaction with IPC channel down. GPU process may have died.
Jul 18, 2017 22:14:58.95 [GFX1-]: ClientLayerManager::BeginTransaction with IPC channel down. GPU process may have died.
Jul 18, 2017 22:15:04.14 [GFX1-]: ClientLayerManager::BeginTransaction with IPC channel down. GPU process may have died.
Jul 18, 2017 22:26:00.44 [GFX1-]: ClientLayerManager::BeginTransaction with IPC channel down. GPU process may have died.
Jul 18, 2017 22:26:30.47 [GFX1-]: ClientLayerManager::BeginTransaction with IPC channel down. GPU process may have died.
Jul 18, 2017 22:26:52.41 [GFX1-]: ClientLayerManager::BeginTransaction with IPC channel down. GPU process may have died.
Jul 18, 2017 22:26:52.52 [GFX1-]: ClientLayerManager::BeginTransaction with IPC channel down. GPU process may have died.
Jul 18, 2017 22:26:54.05 [GFX1-]: ClientLayerManager::BeginTransaction with IPC channel down. GPU process may have died.
Jul 18, 2017 22:26:54.11 [GFX1-]: ClientLayerManager::BeginTransaction with IPC channel down. GPU process may have died.
Jul 18, 2017 22:26:54.52 [GFX1-]: ClientLayerManager::BeginTransaction with IPC channel down. GPU process may have died.
Jul 18, 2017 22:26:54.75 [GFX1-]: ClientLayerManager::BeginTransaction with IPC channel down. GPU process may have died.
Jul 18, 2017 22:26:55.32 [GFX1-]: ClientLayerManager::BeginTransaction with IPC channel down. GPU process may have died.
Jul 18, 2017 22:26:55.32 [GFX1-]: ClientLayerManager::BeginTransaction with IPC channel down. GPU process may have died.
Jul 18, 2017 22:26:55.35 [GFX1-]: ClientLayerManager::BeginTransaction with IPC channel down. GPU process may have died.
Jul 18, 2017 22:26:55.36 [GFX1-]: ClientLayerManager::BeginTransaction with IPC channel down. GPU process may have died.
Jul 18, 2017 22:27:00.09 [GFX1-]: ClientLayerManager::BeginTransaction with IPC channel down. GPU process may have died.
Jul 18, 2017 22:27:00.56 [GFX1-]: ClientLayerManager::BeginTransaction with IPC channel down. GPU process may have died.
Jul 18, 2017 22:27:00.61 [GFX1-]: ClientLayerManager::BeginTransaction with IPC channel down. GPU process may have died.
Jul 18, 2017 22:27:30.47 [GFX1-]: ClientLayerManager::BeginTransaction with IPC channel down. GPU process may have died.
Jul 18, 2017 22:28:07.12 [GFX1-]: ClientLayerManager::BeginTransaction with IPC channel down. GPU process may have died.
Jul 18, 2017 22:28:07.14 [GFX1-]: ClientLayerManager::BeginTransaction with IPC channel down. GPU process may have died.
Jul 18, 2017 22:28:07.17 [GFX1-]: ClientLayerManager::BeginTransaction with IPC channel down. GPU process may have died.
Jul 18, 2017 22:28:07.20 [GFX1-]: ClientLayerManager::BeginTransaction with IPC channel down. GPU process may have died.
Jul 18, 2017 22:28:07.30 [GFX1-]: ClientLayerManager::BeginTransaction with IPC channel down. GPU process may have died.
Jul 18, 2017 22:28:07.32 [GFX1-]: ClientLayerManager::BeginTransaction with IPC channel down. GPU process may have died.
Jul 18, 2017 22:28:09.29 [GFX1-]: ClientLayerManager::BeginTransaction with IPC channel down. GPU process may have died.
Jul 18, 2017 22:28:09.92 [GFX1-]: ClientLayerManager::BeginTransaction with IPC channel down. GPU process may have died.
Jul 18, 2017 22:28:09.93 [GFX1-]: ClientLayerManager::BeginTransaction with IPC channel down. GPU process may have died.
Jul 18, 2017 22:28:11.41 [GFX1-]: ClientLayerManager::BeginTransaction with IPC channel down. GPU process may have died.
Jul 18, 2017 22:28:11.65 [GFX1-]: ClientLayerManager::BeginTransaction with IPC channel down. GPU process may have died.
Jul 18, 2017 22:28:12.70 [GFX1-]: ClientLayerManager::BeginTransaction with IPC channel down. GPU process may have died.
Jul 18, 2017 22:28:14.24 [GFX1-]: ClientLayerManager::BeginTransaction with IPC channel down. GPU process may have died.
Jul 18, 2017 22:28:16.71 [GFX1-]: ClientLayerManager::BeginTransaction with IPC channel down. GPU process may have died.
Jul 18, 2017 22:28:16.83 [GFX1-]: ClientLayerManager::BeginTransaction with IPC channel down. GPU process may have died.
Jul 18, 2017 22:28:17.16 [GFX1-]: ClientLayerManager::BeginTransaction with IPC channel down. GPU process may have died.
Jul 18, 2017 22:28:19.29 [GFX1-]: ClientLayerManager::BeginTransaction with IPC channel down. GPU process may have died.
Jul 18, 2017 22:28:20.96 [GFX1-]: ClientLayerManager::BeginTransaction with IPC channel down. GPU process may have died.
Jul 18, 2017 22:28:21.11 [GFX1-]: ClientLayerManager::BeginTransaction with IPC channel down. GPU process may have died.
Jul 18, 2017 22:28:21.38 [GFX1-]: ClientLayerManager::BeginTransaction with IPC channel down. GPU process may have died.
Jul 18, 2017 22:28:21.45 [GFX1-]: ClientLayerManager::BeginTransaction with IPC channel down. GPU process may have died.
Jul 18, 2017 22:28:26.13 [GFX1-]: ClientLayerManager::BeginTransaction with IPC channel down. GPU process may have died.
Jul 18, 2017 22:28:29.56 [GFX1-]: ClientLayerManager::BeginTransaction with IPC channel down. GPU process may have died.
Jul 18, 2017 22:28:29.64 [GFX1-]: ClientLayerManager::BeginTransaction with IPC channel down. GPU process may have died.
Jul 18, 2017 22:28:29.76 [GFX1-]: ClientLayerManager::BeginTransaction with IPC channel down. GPU process may have died.
Jul 18, 2017 22:28:30.82 [GFX1-]: ClientLayerManager::BeginTransaction with IPC channel down. GPU process may have died.
Jul 18, 2017 22:28:31.10 [GFX1-]: ClientLayerManager::BeginTransaction with IPC channel down. GPU process may have died.
Jul 18, 2017 22:28:31.12 [GFX1-]: ClientLayerManager::BeginTransaction with IPC channel down. GPU process may have died.
Jul 18, 2017 22:28:46.09 [GFX1-]: ClientLayerManager::BeginTransaction with IPC channel down. GPU process may have died.
Jul 18, 2017 22:28:46.47 [GFX1-]: ClientLayerManager::BeginTransaction with IPC channel down. GPU process may have died.
Jul 18, 2017 22:28:47.57 [GFX1-]: ClientLayerManager::BeginTransaction with IPC channel down. GPU process may have died.
Jul 18, 2017 22:28:47.64 [GFX1-]: ClientLayerManager::BeginTransaction with IPC channel down. GPU process may have died.
Jul 18, 2017 22:28:49.00 [GFX1-]: ClientLayerManager::BeginTransaction with IPC channel down. GPU process may have died.
Jul 18, 2017 22:28:49.05 [GFX1-]: ClientLayerManager::BeginTransaction with IPC channel down. GPU process may have died.
Jul 18, 2017 22:28:54.75 [GFX1-]: ClientLayerManager::BeginTransaction with IPC channel down. GPU process may have died.
Jul 18, 2017 22:28:54.88 [GFX1-]: ClientLayerManager::BeginTransaction with IPC channel down. GPU process may have died.
Jul 18, 2017 22:28:54.90 [GFX1-]: ClientLayerManager::BeginTransaction with IPC channel down. GPU process may have died.
Jul 18, 2017 22:28:56.54 [GFX1-]: ClientLayerManager::BeginTransaction with IPC channel down. GPU process may have died.
Jul 18, 2017 22:28:56.70 [GFX1-]: ClientLayerManager::BeginTransaction with IPC channel down. GPU process may have died.
Jul 18, 2017 22:28:58.88 [GFX1-]: ClientLayerManager::BeginTransaction with IPC channel down. GPU process may have died.
Jul 18, 2017 22:28:59.48 [GFX1-]: ClientLayerManager::BeginTransaction with IPC channel down. GPU process may have died.
Jul 18, 2017 22:28:59.64 [GFX1-]: ClientLayerManager::BeginTransaction with IPC channel down. GPU process may have died.
Jul 18, 2017 22:28:59.76 [GFX1-]: ClientLayerManager::BeginTransaction with IPC channel down. GPU process may have died.
Jul 18, 2017 22:28:59.77 [GFX1-]: ClientLayerManager::BeginTransaction with IPC channel down. GPU process may have died.
Jul 18, 2017 22:28:59.92 [GFX1-]: ClientLayerManager::BeginTransaction with IPC channel down. GPU process may have died.
Jul 18, 2017 22:29:00.09 [GFX1-]: ClientLayerManager::BeginTransaction with IPC channel down. GPU process may have died.
Jul 18, 2017 22:33:30.35 [GFX1-]: ClientLayerManager::BeginTransaction with IPC channel down. GPU process may have died.
Jul 18, 2017 22:34:00.40 [GFX1-]: ClientLayerManager::BeginTransaction with IPC channel down. GPU process may have died.
Jul 18, 2017 22:34:12.84 [GFX1-]: ClientLayerManager::BeginTransaction with IPC channel down. GPU process may have died.
Jul 18, 2017 22:34:12.91 [GFX1-]: ClientLayerManager::BeginTransaction with IPC channel down. GPU process may have died.
Jul 18, 2017 22:34:12.92 [GFX1-]: ClientLayerManager::BeginTransaction with IPC channel down. GPU process may have died.
Jul 18, 2017 22:34:12.94 [GFX1-]: ClientLayerManager::BeginTransaction with IPC channel down. GPU process may have died.
Jul 18, 2017 22:34:13.70 [GFX1-]: ClientLayerManager::BeginTransaction with IPC channel down. GPU process may have died.
Jul 18, 2017 22:34:14.50 [GFX1-]: ClientLayerManager::BeginTransaction with IPC channel down. GPU process may have died.
Jul 18, 2017 22:34:14.67 [GFX1-]: ClientLayerManager::BeginTransaction with IPC channel down. GPU process may have died.
Jul 18, 2017 22:34:14.99 [GFX1-]: ClientLayerManager::BeginTransaction with IPC channel down. GPU process may have died.
Jul 18, 2017 22:34:15.15 [GFX1-]: ClientLayerManager::BeginTransaction with IPC channel down. GPU process may have died.
Jul 18, 2017 22:34:15.39 [GFX1-]: ClientLayerManager::BeginTransaction with IPC channel down. GPU process may have died.
Jul 18, 2017 22:34:15.56 [GFX1-]: ClientLayerManager::BeginTransaction with IPC channel down. GPU process may have died.
Jul 18, 2017 22:34:15.57 [GFX1-]: ClientLayerManager::BeginTransaction with IPC channel down. GPU process may have died.
Jul 18, 2017 22:34:15.71 [GFX1-]: ClientLayerManager::BeginTransaction with IPC channel down. GPU process may have died.
Jul 18, 2017 22:34:15.82 [GFX1-]: ClientLayerManager::BeginTransaction with IPC channel down. GPU process may have died.
Jul 18, 2017 22:34:16.05 [GFX1-]: ClientLayerManager::BeginTransaction with IPC channel down. GPU process may have died.
Jul 18, 2017 22:34:16.21 [GFX1-]: ClientLayerManager::BeginTransaction with IPC channel down. GPU process may have died.
Jul 18, 2017 22:34:22.73 [GFX1-]: ClientLayerManager::BeginTransaction with IPC channel down. GPU process may have died.
Jul 18, 2017 22:34:24.20 [GFX1-]: ClientLayerManager::BeginTransaction with IPC channel down. GPU process may have died.
Jul 18, 2017 22:34:24.92 [GFX1-]: ClientLayerManager::BeginTransaction with IPC channel down. GPU process may have died.
Jul 18, 2017 22:34:25.06 [GFX1-]: ClientLayerManager::BeginTransaction with IPC channel down. GPU process may have died.
Jul 18, 2017 22:34:25.12 [GFX1-]: ClientLayerManager::BeginTransaction with IPC channel down. GPU process may have died.
Jul 18, 2017 22:34:25.28 [GFX1-]: ClientLayerManager::BeginTransaction with IPC channel down. GPU process may have died.
Jul 18, 2017 22:34:26.81 [GPU 8588] WARNING: pipe error: 109: file c:/builds/moz2_slave/m-rel-w32-00000000000000000000/build/src/ipc/chromium/src/chrome/common/ipc_channel_win.cc, line 346
Jul 18, 2017 22:34:26.81 [GPU 8588] WARNING: pipe error: 109: file c:/builds/moz2_slave/m-rel-w32-00000000000000000000/build/src/ipc/chromium/src/chrome/common/ipc_channel_win.cc, line 346
Jul 18, 2017 22:34:26.99 [GPU 8588] WARNING: pipe error: 109: file c:/builds/moz2_slave/m-rel-w32-00000000000000000000/build/src/ipc/chromium/src/chrome/common/ipc_channel_win.cc, line 346
Jul 18, 2017 22:34:27.34 [GFX1-]: ClientLayerManager::BeginTransaction with IPC channel down. GPU process may have died.
Jul 18, 2017 22:34:27.39 [GFX1-]: ClientLayerManager::BeginTransaction with IPC channel down. GPU process may have died.
Jul 18, 2017 22:34:27.42 [GFX1-]: ClientLayerManager::BeginTransaction with IPC channel down. GPU process may have died.
Jul 18, 2017 22:34:27.44 [GFX1-]: ClientLayerManager::BeginTransaction with IPC channel down. GPU process may have died.
Jul 18, 2017 22:34:27.49 [GFX1-]: ClientLayerManager::BeginTransaction with IPC channel down. GPU process may have died.
Jul 18, 2017 22:34:27.63 
Jul 18, 2017 22:34:27.63 ###!!! [Parent][MessageChannel] Error: (msgtype=0x2C008F,name=PBrowser::Msg_UpdateNativeWindowHandle) Closed channel: cannot send/recv
Jul 18, 2017 22:34:27.63 
Jul 18, 2017 22:34:27.64 
Jul 18, 2017 22:34:27.64 ###!!! [Child][RunMessage] Error: Channel closing: too late to send/recv, messages will be lost
Jul 18, 2017 22:34:27.64 
Jul 18, 2017 22:34:27.64 
Jul 18, 2017 22:34:27.64 ###!!! [Parent][MessageChannel] Error: (msgtype=0x2C0082,name=PBrowser::Msg_Destroy) Closed channel: cannot send/recv
Jul 18, 2017 22:34:27.64 
Jul 18, 2017 22:34:27.65 
Jul 18, 2017 22:34:27.65 ###!!! [Child][RunMessage] Error: Channel closing: too late to send/recv, messages will be lost
Jul 18, 2017 22:34:27.65 
Jul 18, 2017 22:34:27.65 
Jul 18, 2017 22:34:27.65 ###!!! [Child][RunMessage] Error: Channel closing: too late to send/recv, messages will be lost
Jul 18, 2017 22:34:27.65 
Jul 18, 2017 22:34:27.65 
Jul 18, 2017 22:34:27.65 ###!!! [Child][RunMessage] Error: Channel closing: too late to send/recv, messages will be lost
Jul 18, 2017 22:34:27.65 
Jul 18, 2017 22:34:27.65 
Jul 18, 2017 22:34:27.65 ###!!! [Child][RunMessage] Error: Channel closing: too late to send/recv, messages will be lost
Jul 18, 2017 22:34:27.66 
Jul 18, 2017 22:34:27.66 
Jul 18, 2017 22:34:27.66 ###!!! [Child][RunMessage] Error: Channel closing: too late to send/recv, messages will be lost
Jul 18, 2017 22:34:27.66 
Jul 18, 2017 22:34:27.66 
Jul 18, 2017 22:34:27.66 ###!!! [Child][RunMessage] Error: Channel closing: too late to send/recv, messages will be lost
Jul 18, 2017 22:34:27.66 
Jul 18, 2017 22:34:27.66 
Jul 18, 2017 22:34:27.66 ###!!! [Child][RunMessage] Error: Channel closing: too late to send/recv, messages will be lost
Jul 18, 2017 22:34:27.67 
Jul 18, 2017 22:34:27.67 
Jul 18, 2017 22:34:27.67 ###!!! [Child][RunMessage] Error: Channel closing: too late to send/recv, messages will be lost
Jul 18, 2017 22:34:27.67 
Jul 18, 2017 22:34:27.67 
Jul 18, 2017 22:34:27.67 ###!!! [Child][RunMessage] Error: Channel closing: too late to send/recv, messages will be lost
Jul 18, 2017 22:34:27.67 
Jul 18, 2017 22:34:27.68 
Jul 18, 2017 22:34:27.68 ###!!! [Child][RunMessage] Error: Channel closing: too late to send/recv, messages will be lost
Jul 18, 2017 22:34:27.68 
Jul 18, 2017 22:34:27.68 
Jul 18, 2017 22:34:27.68 ###!!! [Child][RunMessage] Error: Channel closing: too late to send/recv, messages will be lost
Jul 18, 2017 22:34:27.69 
Jul 18, 2017 22:34:27.69 
Jul 18, 2017 22:34:27.69 ###!!! [Child][RunMessage] Error: Channel closing: too late to send/recv, messages will be lost
Jul 18, 2017 22:34:27.69 
Jul 18, 2017 22:34:27.69 
Jul 18, 2017 22:34:27.69 ###!!! [Child][RunMessage] Error: Channel closing: too late to send/recv, messages will be lost
Jul 18, 2017 22:34:27.69 
Jul 18, 2017 22:34:27.69 
Jul 18, 2017 22:34:27.69 ###!!! [Child][RunMessage] Error: Channel closing: too late to send/recv, messages will be lost
Jul 18, 2017 22:34:27.69 
Jul 18, 2017 22:34:27.69 
Jul 18, 2017 22:34:27.69 ###!!! [Child][RunMessage] Error: Channel closing: too late to send/recv, messages will be lost
Jul 18, 2017 22:34:27.70 
Jul 18, 2017 22:34:27.70 
Jul 18, 2017 22:34:27.70 ###!!! [Child][RunMessage] Error: Channel closing: too late to send/recv, messages will be lost
Jul 18, 2017 22:34:27.70 
Jul 18, 2017 22:34:27.70 
Jul 18, 2017 22:34:27.70 ###!!! [Child][RunMessage] Error: Channel closing: too late to send/recv, messages will be lost
Jul 18, 2017 22:34:27.70 
Jul 18, 2017 22:34:27.71 
Jul 18, 2017 22:34:27.71 ###!!! [Child][RunMessage] Error: Channel closing: too late to send/recv, messages will be lost
Jul 18, 2017 22:34:27.71 
Jul 18, 2017 22:34:27.71 
Jul 18, 2017 22:34:27.71 ###!!! [Child][RunMessage] Error: Channel closing: too late to send/recv, messages will be lost
Jul 18, 2017 22:34:27.71 
Jul 18, 2017 22:34:27.71 
Jul 18, 2017 22:34:27.72 ###!!! [Child][RunMessage] Error: Channel closing: too late to send/recv, messages will be lost
Jul 18, 2017 22:34:27.72 
Jul 18, 2017 22:34:27.72 
Jul 18, 2017 22:34:27.72 ###!!! [Child][RunMessage] Error: Channel closing: too late to send/recv, messages will be lost
Jul 18, 2017 22:34:27.72 
Jul 18, 2017 22:34:27.74 
Jul 18, 2017 22:34:27.75 ###!!! [Child][RunMessage] Error: Channel closing: too late to send/recv, messages will be lost
Jul 18, 2017 22:34:27.75 
Jul 18, 2017 22:34:27.75 
Jul 18, 2017 22:34:27.75 ###!!! [Child][RunMessage] Error: Channel closing: too late to send/recv, messages will be lost
Jul 18, 2017 22:34:27.75 
Jul 18, 2017 22:34:27.75 
Jul 18, 2017 22:34:27.75 ###!!! [Child][RunMessage] Error: Channel closing: too late to send/recv, messages will be lost
Jul 18, 2017 22:34:27.75 
Jul 18, 2017 22:34:27.76 
Jul 18, 2017 22:34:27.76 ###!!! [Child][RunMessage] Error: Channel closing: too late to send/recv, messages will be lost
Jul 18, 2017 22:34:27.76 
Jul 18, 2017 22:34:28.62 
Jul 18, 2017 22:34:28.62 ###!!! [Child][MessageChannel] Error: (msgtype=0x900016,name=PNecko::Msg_PredLearn) Channel closing: too late to send/recv, messages will be lost
Jul 18, 2017 22:34:28.62 
Jul 18, 2017 22:34:28.63 
Jul 18, 2017 22:34:28.63 ###!!! [Child][MessageChannel] Error: (msgtype=0x900016,name=PNecko::Msg_PredLearn) Channel closing: too late to send/recv, messages will be lost
Jul 18, 2017 22:34:28.63 
Jul 18, 2017 22:34:28.63 
Jul 18, 2017 22:34:28.63 ###!!! [Child][MessageChannel] Error: (msgtype=0x900016,name=PNecko::Msg_PredLearn) Channel closing: too late to send/recv, messages will be lost
Jul 18, 2017 22:34:28.63 
Jul 18, 2017 22:34:28.63 
Jul 18, 2017 22:34:28.63 ###!!! [Child][MessageChannel] Error: (msgtype=0x900016,name=PNecko::Msg_PredLearn) Channel closing: too late to send/recv, messages will be lost
Jul 18, 2017 22:34:28.63 
Jul 18, 2017 22:34:28.72 
Jul 18, 2017 22:34:28.72 ###!!! [Child][MessageChannel] Error: (msgtype=0x900016,name=PNecko::Msg_PredLearn) Channel closing: too late to send/recv, messages will be lost
Jul 18, 2017 22:34:28.72 
Jul 18, 2017 22:34:28.78 
Jul 18, 2017 22:34:28.78 ###!!! [Child][MessageChannel] Error: (msgtype=0x4400CA,name=PContent::Msg_GraphicsError) Channel closing: too late to send/recv, messages will be lost
Jul 18, 2017 22:34:28.78 
Jul 18, 2017 22:34:28.79 [GFX1-]: ClientLayerManager::BeginTransaction with IPC channel down. GPU process may have died.
Jul 18, 2017 22:34:28.80 
Jul 18, 2017 22:34:28.80 ###!!! [Child][RunMessage] Error: Channel closing: too late to send/recv, messages will be lost
Jul 18, 2017 22:34:28.80 
Jul 18, 2017 22:34:28.81 
Jul 18, 2017 22:34:28.81 ###!!! [Child][RunMessage] Error: Channel closing: too late to send/recv, messages will be lost
Jul 18, 2017 22:34:28.82 
Jul 18, 2017 22:34:28.82 
Jul 18, 2017 22:34:28.82 ###!!! [Child][RunMessage] Error: Channel closing: too late to send/recv, messages will be lost
Jul 18, 2017 22:34:28.82 
Jul 18, 2017 22:34:28.82 
Jul 18, 2017 22:34:28.82 ###!!! [Child][RunMessage] Error: Channel closing: too late to send/recv, messages will be lost
Jul 18, 2017 22:34:28.82 
Jul 18, 2017 22:34:28.83 
Jul 18, 2017 22:34:28.83 ###!!! [Child][RunMessage] Error: Channel closing: too late to send/recv, messages will be lost
Jul 18, 2017 22:34:28.83 
Jul 18, 2017 22:34:28.83 
Jul 18, 2017 22:34:28.83 ###!!! [Child][RunMessage] Error: Channel closing: too late to send/recv, messages will be lost
Jul 18, 2017 22:34:28.83 
Jul 18, 2017 22:34:28.83 
Jul 18, 2017 22:34:28.83 ###!!! [Child][RunMessage] Error: Channel closing: too late to send/recv, messages will be lost
Jul 18, 2017 22:34:28.83 
Jul 18, 2017 22:34:28.84 
Jul 18, 2017 22:34:28.84 ###!!! [Child][RunMessage] Error: Channel closing: too late to send/recv, messages will be lost
Jul 18, 2017 22:34:28.84 
Jul 18, 2017 22:34:28.84 
Jul 18, 2017 22:34:28.84 ###!!! [Child][RunMessage] Error: Channel closing: too late to send/recv, messages will be lost
Jul 18, 2017 22:34:28.84 
Jul 18, 2017 22:34:28.84 
Jul 18, 2017 22:34:28.84 ###!!! [Child][RunMessage] Error: Channel closing: too late to send/recv, messages will be lost
Jul 18, 2017 22:34:28.84 
Jul 18, 2017 22:34:28.84 
Jul 18, 2017 22:34:28.85 ###!!! [Child][RunMessage] Error: Channel closing: too late to send/recv, messages will be lost
Jul 18, 2017 22:34:28.85 
Jul 18, 2017 22:34:28.85 
Jul 18, 2017 22:34:28.85 ###!!! [Child][RunMessage] Error: Channel closing: too late to send/recv, messages will be lost
Jul 18, 2017 22:34:28.85 
Jul 18, 2017 22:34:28.85 
Jul 18, 2017 22:34:28.85 ###!!! [Child][RunMessage] Error: Channel closing: too late to send/recv, messages will be lost
Jul 18, 2017 22:34:28.85 
Jul 18, 2017 22:34:28.85 
Jul 18, 2017 22:34:28.85 ###!!! [Child][RunMessage] Error: Channel closing: too late to send/recv, messages will be lost
Jul 18, 2017 22:34:28.85 
Jul 18, 2017 22:34:28.85 
Jul 18, 2017 22:34:28.85 ###!!! [Child][RunMessage] Error: Channel closing: too late to send/recv, messages will be lost
Jul 18, 2017 22:34:28.85 
Jul 18, 2017 22:34:28.86 
Jul 18, 2017 22:34:28.86 ###!!! [Child][RunMessage] Error: Channel closing: too late to send/recv, messages will be lost
Jul 18, 2017 22:34:28.86 
Jul 18, 2017 22:34:28.86 
Jul 18, 2017 22:34:28.86 ###!!! [Child][RunMessage] Error: Channel closing: too late to send/recv, messages will be lost
Jul 18, 2017 22:34:28.86 
Jul 18, 2017 22:34:28.86 
Jul 18, 2017 22:34:28.86 ###!!! [Child][RunMessage] Error: Channel closing: too late to send/recv, messages will be lost
Jul 18, 2017 22:34:28.86 
Jul 18, 2017 22:34:28.86 
Jul 18, 2017 22:34:28.86 ###!!! [Child][RunMessage] Error: Channel closing: too late to send/recv, messages will be lost
Jul 18, 2017 22:34:28.86 
Jul 18, 2017 22:34:28.86 
Jul 18, 2017 22:34:28.86 ###!!! [Child][RunMessage] Error: Channel closing: too late to send/recv, messages will be lost
Jul 18, 2017 22:34:28.86 
Jul 18, 2017 22:34:28.86 
Jul 18, 2017 22:34:28.86 ###!!! [Child][RunMessage] Error: Channel closing: too late to send/recv, messages will be lost
Jul 18, 2017 22:34:28.87 
Jul 18, 2017 22:34:28.87 
Jul 18, 2017 22:34:28.87 ###!!! [Child][RunMessage] Error: Channel closing: too late to send/recv, messages will be lost
Jul 18, 2017 22:34:28.87 
Jul 18, 2017 22:34:28.87 
Jul 18, 2017 22:34:28.87 ###!!! [Child][RunMessage] Error: Channel closing: too late to send/recv, messages will be lost
Jul 18, 2017 22:34:28.87 
Jul 18, 2017 22:34:28.87 
Jul 18, 2017 22:34:28.87 ###!!! [Child][RunMessage] Error: Channel closing: too late to send/recv, messages will be lost
Jul 18, 2017 22:34:28.87 
Jul 18, 2017 22:34:28.87 
Jul 18, 2017 22:34:28.87 ###!!! [Child][RunMessage] Error: Channel closing: too late to send/recv, messages will be lost
Jul 18, 2017 22:34:28.87 
Jul 18, 2017 22:34:28.87 
Jul 18, 2017 22:34:28.88 ###!!! [Child][RunMessage] Error: Channel closing: too late to send/recv, messages will be lost
Jul 18, 2017 22:34:28.88 
Jul 18, 2017 22:34:28.88 
Jul 18, 2017 22:34:28.88 ###!!! [Child][RunMessage] Error: Channel closing: too late to send/recv, messages will be lost
Jul 18, 2017 22:34:28.88 
Jul 18, 2017 22:34:28.88 
Jul 18, 2017 22:34:28.88 ###!!! [Child][RunMessage] Error: Channel closing: too late to send/recv, messages will be lost
Jul 18, 2017 22:34:28.88 
Jul 18, 2017 22:34:28.88 
Jul 18, 2017 22:34:28.88 ###!!! [Child][RunMessage] Error: Channel closing: too late to send/recv, messages will be lost
Jul 18, 2017 22:34:28.88 
Jul 18, 2017 22:34:28.88 
Jul 18, 2017 22:34:28.88 ###!!! [Child][RunMessage] Error: Channel closing: too late to send/recv, messages will be lost
Jul 18, 2017 22:34:28.89 
Jul 18, 2017 22:34:28.89 
Jul 18, 2017 22:34:28.89 ###!!! [Child][MessageChannel] Error: (msgtype=0x4400AB,name=PContent::Msg_ConsoleMessage) Channel closing: too late to send/recv, messages will be lost
Jul 18, 2017 22:34:28.89 
Jul 18, 2017 22:34:28.89 
Jul 18, 2017 22:34:28.89 ###!!! [Child][RunMessage] Error: Channel closing: too late to send/recv, messages will be lost
Jul 18, 2017 22:34:28.89 
Jul 18, 2017 22:34:28.89 
Jul 18, 2017 22:34:28.89 ###!!! [Child][RunMessage] Error: Channel closing: too late to send/recv, messages will be lost
Jul 18, 2017 22:34:28.89 
Jul 18, 2017 22:34:28.89 
Jul 18, 2017 22:34:28.89 ###!!! [Child][RunMessage] Error: Channel closing: too late to send/recv, messages will be lost
Jul 18, 2017 22:34:28.89 
Jul 18, 2017 22:34:28.91 
Jul 18, 2017 22:34:28.91 ###!!! [Child][RunMessage] Error: Channel closing: too late to send/recv, messages will be lost
Jul 18, 2017 22:34:28.91 
Jul 18, 2017 22:34:28.91 
Jul 18, 2017 22:34:28.91 ###!!! [Child][MessageChannel] Error: (msgtype=0x7E0023,name=PHttpChannel::Msg_SetPriority) Closed channel: cannot send/recv
Jul 18, 2017 22:34:28.91 
Jul 18, 2017 22:34:28.91 
Jul 18, 2017 22:34:28.91 ###!!! [Child][MessageChannel] Error: (msgtype=0x7E0006,name=PHttpChannel::Msg_Cancel) Closed channel: cannot send/recv
Jul 18, 2017 22:34:28.91 
Jul 18, 2017 22:34:28.91 
Jul 18, 2017 22:34:28.91 ###!!! [Child][MessageChannel] Error: (msgtype=0x900029,name=PNecko::Msg_DecreaseThrottlePressure) Closed channel: cannot send/recv
Jul 18, 2017 22:34:28.91 
Jul 18, 2017 22:34:28.92 
Jul 18, 2017 22:34:28.92 ###!!! [Child][MessageChannel] Error: (msgtype=0x7E0023,name=PHttpChannel::Msg_SetPriority) Closed channel: cannot send/recv
Jul 18, 2017 22:34:28.92 
Jul 18, 2017 22:34:28.93 
Jul 18, 2017 22:34:28.93 ###!!! [Child][MessageChannel] Error: (msgtype=0x2C0038,name=PBrowser::Msg_SetStatus) Closed channel: cannot send/recv
Jul 18, 2017 22:34:28.93 
Jul 18, 2017 22:34:28.94 
Jul 18, 2017 22:34:28.94 ###!!! [Child][MessageChannel] Error: (msgtype=0x900029,name=PNecko::Msg_DecreaseThrottlePressure) Closed channel: cannot send/recv
Jul 18, 2017 22:34:28.94 
Jul 18, 2017 22:34:28.95 
Jul 18, 2017 22:34:28.95 ###!!! [Child][MessageChannel] Error: (msgtype=0x7E0006,name=PHttpChannel::Msg_Cancel) Closed channel: cannot send/recv
Jul 18, 2017 22:34:28.95 
Jul 18, 2017 22:34:28.95 
Jul 18, 2017 22:34:28.95 ###!!! [Child][MessageChannel] Error: (msgtype=0x7E0023,name=PHttpChannel::Msg_SetPriority) Closed channel: cannot send/recv
Jul 18, 2017 22:34:28.96 
Jul 18, 2017 22:34:28.97 
Jul 18, 2017 22:34:28.97 ###!!! [Child][MessageChannel] Error: (msgtype=0x2C0038,name=PBrowser::Msg_SetStatus) Closed channel: cannot send/recv
Jul 18, 2017 22:34:28.97 
Jul 18, 2017 22:34:28.97 
Jul 18, 2017 22:34:28.97 ###!!! [Child][MessageChannel] Error: (msgtype=0x900029,name=PNecko::Msg_DecreaseThrottlePressure) Closed channel: cannot send/recv
Jul 18, 2017 22:34:28.97 
Jul 18, 2017 22:34:28.98 
Jul 18, 2017 22:34:28.98 ###!!! [Child][MessageChannel] Error: (msgtype=0x7E0006,name=PHttpChannel::Msg_Cancel) Closed channel: cannot send/recv
Jul 18, 2017 22:34:28.98 
Jul 18, 2017 22:34:28.98 
Jul 18, 2017 22:34:28.98 ###!!! [Child][MessageChannel] Error: (msgtype=0x7E0023,name=PHttpChannel::Msg_SetPriority) Closed channel: cannot send/recv
Jul 18, 2017 22:34:28.98 
Jul 18, 2017 22:34:28.99 
Jul 18, 2017 22:34:28.99 ###!!! [Child][MessageChannel] Error: (msgtype=0x7E0023,name=PHttpChannel::Msg_SetPriority) Closed channel: cannot send/recv
Jul 18, 2017 22:34:28.99 
Jul 18, 2017 22:34:29.00 
Jul 18, 2017 22:34:29.00 ###!!! [Child][MessageChannel] Error: (msgtype=0x7E0023,name=PHttpChannel::Msg_SetPriority) Closed channel: cannot send/recv
Jul 18, 2017 22:34:29.00 
Jul 18, 2017 22:34:29.00 
Jul 18, 2017 22:34:29.01 ###!!! [Child][MessageChannel] Error: (msgtype=0x7E0006,name=PHttpChannel::Msg_Cancel) Closed channel: cannot send/recv
Jul 18, 2017 22:34:29.01 
Jul 18, 2017 22:34:29.01 
Jul 18, 2017 22:34:29.01 ###!!! [Child][MessageChannel] Error: (msgtype=0x7E0023,name=PHttpChannel::Msg_SetPriority) Closed channel: cannot send/recv
Jul 18, 2017 22:34:29.01 
Jul 18, 2017 22:34:29.02 
Jul 18, 2017 22:34:29.02 ###!!! [Child][MessageChannel] Error: (msgtype=0x7E0006,name=PHttpChannel::Msg_Cancel) Closed channel: cannot send/recv
Jul 18, 2017 22:34:29.02 
Jul 18, 2017 22:34:29.02 
Jul 18, 2017 22:34:29.02 ###!!! [Child][MessageChannel] Error: (msgtype=0x7E0023,name=PHttpChannel::Msg_SetPriority) Closed channel: cannot send/recv
Jul 18, 2017 22:34:29.02 
Jul 18, 2017 22:34:29.02 
Jul 18, 2017 22:34:29.02 ###!!! [Child][MessageChannel] Error: (msgtype=0x7E0006,name=PHttpChannel::Msg_Cancel) Closed channel: cannot send/recv
Jul 18, 2017 22:34:29.02 
Jul 18, 2017 22:34:29.03 
Jul 18, 2017 22:34:29.03 ###!!! [Child][MessageChannel] Error: (msgtype=0x7E0023,name=PHttpChannel::Msg_SetPriority) Closed channel: cannot send/recv
Jul 18, 2017 22:34:29.03 
Jul 18, 2017 22:34:29.03 
Jul 18, 2017 22:34:29.03 ###!!! [Child][MessageChannel] Error: (msgtype=0x7E0006,name=PHttpChannel::Msg_Cancel) Closed channel: cannot send/recv
Jul 18, 2017 22:34:29.03 
Jul 18, 2017 22:34:29.03 
Jul 18, 2017 22:34:29.03 ###!!! [Child][MessageChannel] Error: (msgtype=0x900029,name=PNecko::Msg_DecreaseThrottlePressure) Closed channel: cannot send/recv
Jul 18, 2017 22:34:29.03 
Jul 18, 2017 22:34:29.03 
Jul 18, 2017 22:34:29.03 ###!!! [Child][MessageChannel] Error: (msgtype=0x7E0023,name=PHttpChannel::Msg_SetPriority) Closed channel: cannot send/recv
Jul 18, 2017 22:34:29.03 
Jul 18, 2017 22:34:29.03 
Jul 18, 2017 22:34:29.04 ###!!! [Child][MessageChannel] Error: (msgtype=0x7E0006,name=PHttpChannel::Msg_Cancel) Closed channel: cannot send/recv
Jul 18, 2017 22:34:29.04 
Jul 18, 2017 22:34:29.04 
Jul 18, 2017 22:34:29.04 ###!!! [Child][MessageChannel] Error: (msgtype=0x7E0023,name=PHttpChannel::Msg_SetPriority) Closed channel: cannot send/recv
Jul 18, 2017 22:34:29.04 
Jul 18, 2017 22:34:29.04 
Jul 18, 2017 22:34:29.04 ###!!! [Child][MessageChannel] Error: (msgtype=0x7E0006,name=PHttpChannel::Msg_Cancel) Closed channel: cannot send/recv
Jul 18, 2017 22:34:29.04 
Jul 18, 2017 22:34:29.04 
Jul 18, 2017 22:34:29.04 ###!!! [Child][MessageChannel] Error: (msgtype=0x7E0023,name=PHttpChannel::Msg_SetPriority) Closed channel: cannot send/recv
Jul 18, 2017 22:34:29.04 
Jul 18, 2017 22:34:29.04 
Jul 18, 2017 22:34:29.04 ###!!! [Child][MessageChannel] Error: (msgtype=0x7E0006,name=PHttpChannel::Msg_Cancel) Closed channel: cannot send/recv
Jul 18, 2017 22:34:29.04 
Jul 18, 2017 22:34:29.04 
Jul 18, 2017 22:34:29.04 ###!!! [Child][MessageChannel] Error: (msgtype=0x7E0023,name=PHttpChannel::Msg_SetPriority) Closed channel: cannot send/recv
Jul 18, 2017 22:34:29.05 
Jul 18, 2017 22:34:29.05 
Jul 18, 2017 22:34:29.05 ###!!! [Child][MessageChannel] Error: (msgtype=0x900029,name=PNecko::Msg_DecreaseThrottlePressure) Closed channel: cannot send/recv
Jul 18, 2017 22:34:29.05 
Jul 18, 2017 22:34:29.05 
Jul 18, 2017 22:34:29.05 ###!!! [Child][MessageChannel] Error: (msgtype=0x2C0001,name=PBrowser::Msg_AsyncMessage) Closed channel: cannot send/recv
Jul 18, 2017 22:34:29.05 
Jul 18, 2017 22:34:29.05 
Jul 18, 2017 22:34:29.05 ###!!! [Child][MessageChannel] Error: (msgtype=0x2C0001,name=PBrowser::Msg_AsyncMessage) Closed channel: cannot send/recv
Jul 18, 2017 22:34:29.05 
Jul 18, 2017 22:34:29.05 
Jul 18, 2017 22:34:29.05 ###!!! [Child][MessageChannel] Error: (msgtype=0x7E0006,name=PHttpChannel::Msg_Cancel) Closed channel: cannot send/recv
Jul 18, 2017 22:34:29.05 
Jul 18, 2017 22:34:29.05 
Jul 18, 2017 22:34:29.05 ###!!! [Child][MessageChannel] Error: (msgtype=0x44008F,name=PContent::Msg_StartVisitedQuery) Closed channel: cannot send/recv
Jul 18, 2017 22:34:29.06 
Jul 18, 2017 22:34:29.06 
Jul 18, 2017 22:34:29.06 ###!!! [Child][MessageChannel] Error: (msgtype=0x2C0001,name=PBrowser::Msg_AsyncMessage) Closed channel: cannot send/recv
Jul 18, 2017 22:34:29.06 
Jul 18, 2017 22:34:29.06 
Jul 18, 2017 22:34:29.06 ###!!! [Child][MessageChannel] Error: (msgtype=0x2C0001,name=PBrowser::Msg_AsyncMessage) Closed channel: cannot send/recv
Jul 18, 2017 22:34:29.06 
Jul 18, 2017 22:34:29.07 
Jul 18, 2017 22:34:29.07 ###!!! [Child][MessageChannel] Error: (msgtype=0x2C0001,name=PBrowser::Msg_AsyncMessage) Closed channel: cannot send/recv
Jul 18, 2017 22:34:29.07 
Jul 18, 2017 22:34:29.12 
Jul 18, 2017 22:34:29.12 ###!!! [Child][MessageChannel::SendAndWait] Error: Channel error: cannot send/recv
Jul 18, 2017 22:34:29.12 
Jul 18, 2017 22:37:46.15 [GPU 1108] WARNING: pipe error: 109: file c:/builds/moz2_slave/m-rel-w32-00000000000000000000/build/src/ipc/chromium/src/chrome/common/ipc_channel_win.cc, line 346
Jul 18, 2017 22:37:46.20 [Child 2904] WARNING: pipe error: 109: file c:/builds/moz2_slave/m-rel-w32-00000000000000000000/build/src/ipc/chromium/src/chrome/common/ipc_channel_win.cc, line 346
Jul 18, 2017 22:37:46.20 [Child 2904] WARNING: pipe error: 109: file c:/builds/moz2_slave/m-rel-w32-00000000000000000000/build/src/ipc/chromium/src/chrome/common/ipc_channel_win.cc, line 346
